2025-03-16 18:14:55,202 - INFO - HTTP Request: POST https://api.telegram.org/bot8180189573:AAEbm_uw-QrjLEB-N2tbBYABDaYgEOArHLc/getMe "HTTP/1.1 200 OK"
2025-03-16 18:14:55,390 - INFO - HTTP Request: POST https://api.telegram.org/bot8180189573:AAEbm_uw-QrjLEB-N2tbBYABDaYgEOArHLc/deleteWebhook "HTTP/1.1 200 OK"
2025-03-16 18:14:55,391 - INFO - Application started
2025-03-16 18:15:00,217 - INFO - HTTP Request: POST https://api.telegram.org/bot8180189573:AAEbm_uw-QrjLEB-N2tbBYABDaYgEOArHLc/getUpdates "HTTP/1.1 409 Conflict"
2025-03-16 18:15:00,217 - ERROR - Error while getting Updates: Conflict: terminated by other getUpdates request; make sure that only one bot instance is running
2025-03-16 18:15:00,217 - ERROR - No error handlers are registered, logging exception.
Traceback (most recent call last):
  File "C:\Users\Barto\AppData\Local\Programs\Python\Python312\Lib\site-packages\telegram\ext\_updater.py", line 742, in _network_loop_retry
    if not await do_action():
           ^^^^^^^^^^^^^^^^^
  File "C:\Users\Barto\AppData\Local\Programs\Python\Python312\Lib\site-packages\telegram\ext\_updater.py", line 736, in do_action
    return action_cb_task.result()
           ^^^^^^^^^^^^^^^^^^^^^^^
  File "C:\Users\Barto\AppData\Local\Programs\Python\Python312\Lib\site-packages\telegram\ext\_updater.py", line 387, in polling_action_cb
    raise exc
  File "C:\Users\Barto\AppData\Local\Programs\Python\Python312\Lib\site-packages\telegram\ext\_updater.py", line 376, in polling_action_cb
    updates = await self.bot.get_updates(
              ^^^^^^^^^^^^^^^^^^^^^^^^^^^
  File "C:\Users\Barto\AppData\Local\Programs\Python\Python312\Lib\site-packages\telegram\ext\_extbot.py", line 618, in get_updates
    updates = await super().get_updates(
              ^^^^^^^^^^^^^^^^^^^^^^^^^^
  File "C:\Users\Barto\AppData\Local\Programs\Python\Python312\Lib\site-packages\telegram\_bot.py", line 541, in decorator
    result = await func(self, *args, **kwargs)
             ^^^^^^^^^^^^^^^^^^^^^^^^^^^^^^^^^
  File "C:\Users\Barto\AppData\Local\Programs\Python\Python312\Lib\site-packages\telegram\_bot.py", line 4177, in get_updates
    await self._post(
  File "C:\Users\Barto\AppData\Local\Programs\Python\Python312\Lib\site-packages\telegram\_bot.py", line 629, in _post
    return await self._do_post(
           ^^^^^^^^^^^^^^^^^^^^
  File "C:\Users\Barto\AppData\Local\Programs\Python\Python312\Lib\site-packages\telegram\ext\_extbot.py", line 347, in _do_post
    return await super()._do_post(
           ^^^^^^^^^^^^^^^^^^^^^^^
  File "C:\Users\Barto\AppData\Local\Programs\Python\Python312\Lib\site-packages\telegram\_bot.py", line 657, in _do_post
    return await request.post(
           ^^^^^^^^^^^^^^^^^^^
  File "C:\Users\Barto\AppData\Local\Programs\Python\Python312\Lib\site-packages\telegram\request\_baserequest.py", line 200, in post
    result = await self._request_wrapper(
             ^^^^^^^^^^^^^^^^^^^^^^^^^^^^
  File "C:\Users\Barto\AppData\Local\Programs\Python\Python312\Lib\site-packages\telegram\request\_baserequest.py", line 381, in _request_wrapper
    raise Conflict(message)
telegram.error.Conflict: Conflict: terminated by other getUpdates request; make sure that only one bot instance is running
2025-03-16 18:15:07,508 - INFO - HTTP Request: POST https://api.telegram.org/bot8180189573:AAEbm_uw-QrjLEB-N2tbBYABDaYgEOArHLc/getUpdates "HTTP/1.1 409 Conflict"
2025-03-16 18:15:07,509 - ERROR - Error while getting Updates: Conflict: terminated by other getUpdates request; make sure that only one bot instance is running
2025-03-16 18:15:07,509 - ERROR - No error handlers are registered, logging exception.
Traceback (most recent call last):
  File "C:\Users\Barto\AppData\Local\Programs\Python\Python312\Lib\site-packages\telegram\ext\_updater.py", line 742, in _network_loop_retry
    if not await do_action():
           ^^^^^^^^^^^^^^^^^
  File "C:\Users\Barto\AppData\Local\Programs\Python\Python312\Lib\site-packages\telegram\ext\_updater.py", line 736, in do_action
    return action_cb_task.result()
           ^^^^^^^^^^^^^^^^^^^^^^^
  File "C:\Users\Barto\AppData\Local\Programs\Python\Python312\Lib\site-packages\telegram\ext\_updater.py", line 387, in polling_action_cb
    raise exc
  File "C:\Users\Barto\AppData\Local\Programs\Python\Python312\Lib\site-packages\telegram\ext\_updater.py", line 376, in polling_action_cb
    updates = await self.bot.get_updates(
              ^^^^^^^^^^^^^^^^^^^^^^^^^^^
  File "C:\Users\Barto\AppData\Local\Programs\Python\Python312\Lib\site-packages\telegram\ext\_extbot.py", line 618, in get_updates
    updates = await super().get_updates(
              ^^^^^^^^^^^^^^^^^^^^^^^^^^
  File "C:\Users\Barto\AppData\Local\Programs\Python\Python312\Lib\site-packages\telegram\_bot.py", line 541, in decorator
    result = await func(self, *args, **kwargs)
             ^^^^^^^^^^^^^^^^^^^^^^^^^^^^^^^^^
  File "C:\Users\Barto\AppData\Local\Programs\Python\Python312\Lib\site-packages\telegram\_bot.py", line 4177, in get_updates
    await self._post(
  File "C:\Users\Barto\AppData\Local\Programs\Python\Python312\Lib\site-packages\telegram\_bot.py", line 629, in _post
    return await self._do_post(
           ^^^^^^^^^^^^^^^^^^^^
  File "C:\Users\Barto\AppData\Local\Programs\Python\Python312\Lib\site-packages\telegram\ext\_extbot.py", line 347, in _do_post
    return await super()._do_post(
           ^^^^^^^^^^^^^^^^^^^^^^^
  File "C:\Users\Barto\AppData\Local\Programs\Python\Python312\Lib\site-packages\telegram\_bot.py", line 657, in _do_post
    return await request.post(
           ^^^^^^^^^^^^^^^^^^^
  File "C:\Users\Barto\AppData\Local\Programs\Python\Python312\Lib\site-packages\telegram\request\_baserequest.py", line 200, in post
    result = await self._request_wrapper(
             ^^^^^^^^^^^^^^^^^^^^^^^^^^^^
  File "C:\Users\Barto\AppData\Local\Programs\Python\Python312\Lib\site-packages\telegram\request\_baserequest.py", line 381, in _request_wrapper
    raise Conflict(message)
telegram.error.Conflict: Conflict: terminated by other getUpdates request; make sure that only one bot instance is running
2025-03-16 18:15:20,614 - INFO - HTTP Request: POST https://api.telegram.org/bot8180189573:AAEbm_uw-QrjLEB-N2tbBYABDaYgEOArHLc/getUpdates "HTTP/1.1 200 OK"
2025-03-16 18:15:30,307 - INFO - HTTP Request: POST https://api.telegram.org/bot8180189573:AAEbm_uw-QrjLEB-N2tbBYABDaYgEOArHLc/getUpdates "HTTP/1.1 200 OK"
2025-03-16 18:15:30,308 - INFO - User Baxiks (ID 1216596184) requested token 0x90012b9487ee94566cb7727bfa5473fbd86f4516 at 2025-03-16 18:15:30
2025-03-16 18:15:46,878 - INFO - Token Symbol: DOPE, Token Name: Department of Propaganda Everywhere, Token Decimals: 9
2025-03-16 18:15:54,963 - INFO - Total Supply 1000000000, Clog: 5479625.0|1%
2025-03-16 18:15:54,963 - INFO - MARKET CAP (DOPE) : $12360426.34
2025-03-16 18:15:59,619 - INFO - Liquidity: $309314.55 | Transactions: 520 | Total Volume: $552.00
2025-03-16 18:15:59,621 - INFO - HTTP Request: POST https://api.telegram.org/bot8180189573:AAEbm_uw-QrjLEB-N2tbBYABDaYgEOArHLc/getUpdates "HTTP/1.1 200 OK"
2025-03-16 18:16:10,241 - INFO - HTTP Request: POST https://api.telegram.org/bot8180189573:AAEbm_uw-QrjLEB-N2tbBYABDaYgEOArHLc/getUpdates "HTTP/1.1 200 OK"
2025-03-16 18:16:19,373 - INFO - Total \U0001f4daBundles Recivied 642871290.98| 64.29%| Total \U0001f916Sniper Recivied: 194674949.94| 19.47%
2025-03-16 18:16:19,373 - INFO - Total \U0001f4daBundles Holding: 0.0|0.0% |Worth:0.00 ETH| Total \U0001f916Snipers Holding: 0.0|0.0% |Worth: 0.00 ETH
2025-03-16 18:16:27,344 - INFO - HTTP Request: POST https://api.telegram.org/bot8180189573:AAEbm_uw-QrjLEB-N2tbBYABDaYgEOArHLc/getUpdates "HTTP/1.1 200 OK"
2025-03-16 18:16:33,505 - ERROR - No error handlers are registered, logging exception.
Traceback (most recent call last):
  File "C:\Users\Barto\AppData\Local\Programs\Python\Python312\Lib\site-packages\httpx\_transports\default.py", line 101, in map_httpcore_exceptions
    yield
  File "C:\Users\Barto\AppData\Local\Programs\Python\Python312\Lib\site-packages\httpx\_transports\default.py", line 394, in handle_async_request
    resp = await self._pool.handle_async_request(req)
           ^^^^^^^^^^^^^^^^^^^^^^^^^^^^^^^^^^^^^^^^^^
  File "C:\Users\Barto\AppData\Local\Programs\Python\Python312\Lib\site-packages\httpcore\_async\connection_pool.py", line 256, in handle_async_request
    raise exc from None
  File "C:\Users\Barto\AppData\Local\Programs\Python\Python312\Lib\site-packages\httpcore\_async\connection_pool.py", line 236, in handle_async_request
    response = await connection.handle_async_request(
               ^^^^^^^^^^^^^^^^^^^^^^^^^^^^^^^^^^^^^^
  File "C:\Users\Barto\AppData\Local\Programs\Python\Python312\Lib\site-packages\httpcore\_async\connection.py", line 103, in handle_async_request
    return await self._connection.handle_async_request(request)
           ^^^^^^^^^^^^^^^^^^^^^^^^^^^^^^^^^^^^^^^^^^^^^^^^^^^^
  File "C:\Users\Barto\AppData\Local\Programs\Python\Python312\Lib\site-packages\httpcore\_async\http11.py", line 136, in handle_async_request
    raise exc
  File "C:\Users\Barto\AppData\Local\Programs\Python\Python312\Lib\site-packages\httpcore\_async\http11.py", line 106, in handle_async_request
    ) = await self._receive_response_headers(**kwargs)
        ^^^^^^^^^^^^^^^^^^^^^^^^^^^^^^^^^^^^^^^^^^^^^^
  File "C:\Users\Barto\AppData\Local\Programs\Python\Python312\Lib\site-packages\httpcore\_async\http11.py", line 177, in _receive_response_headers
    event = await self._receive_event(timeout=timeout)
            ^^^^^^^^^^^^^^^^^^^^^^^^^^^^^^^^^^^^^^^^^^
  File "C:\Users\Barto\AppData\Local\Programs\Python\Python312\Lib\site-packages\httpcore\_async\http11.py", line 217, in _receive_event
    data = await self._network_stream.read(
           ^^^^^^^^^^^^^^^^^^^^^^^^^^^^^^^^
  File "C:\Users\Barto\AppData\Local\Programs\Python\Python312\Lib\site-packages\httpcore\_backends\anyio.py", line 32, in read
    with map_exceptions(exc_map):
  File "C:\Users\Barto\AppData\Local\Programs\Python\Python312\Lib\contextlib.py", line 158, in __exit__
    self.gen.throw(value)
  File "C:\Users\Barto\AppData\Local\Programs\Python\Python312\Lib\site-packages\httpcore\_exceptions.py", line 14, in map_exceptions
    raise to_exc(exc) from exc
httpcore.ReadTimeout

The above exception was the direct cause of the following exception:

Traceback (most recent call last):
  File "C:\Users\Barto\AppData\Local\Programs\Python\Python312\Lib\site-packages\telegram\request\_httpxrequest.py", line 276, in do_request
    res = await self._client.request(
          ^^^^^^^^^^^^^^^^^^^^^^^^^^^
  File "C:\Users\Barto\AppData\Local\Programs\Python\Python312\Lib\site-packages\httpx\_client.py", line 1540, in request
    return await self.send(request, auth=auth, follow_redirects=follow_redirects)
           ^^^^^^^^^^^^^^^^^^^^^^^^^^^^^^^^^^^^^^^^^^^^^^^^^^^^^^^^^^^^^^^^^^^^^^
  File "C:\Users\Barto\AppData\Local\Programs\Python\Python312\Lib\site-packages\httpx\_client.py", line 1629, in send
    response = await self._send_handling_auth(
               ^^^^^^^^^^^^^^^^^^^^^^^^^^^^^^^
  File "C:\Users\Barto\AppData\Local\Programs\Python\Python312\Lib\site-packages\httpx\_client.py", line 1657, in _send_handling_auth
    response = await self._send_handling_redirects(
               ^^^^^^^^^^^^^^^^^^^^^^^^^^^^^^^^^^^^
  File "C:\Users\Barto\AppData\Local\Programs\Python\Python312\Lib\site-packages\httpx\_client.py", line 1694, in _send_handling_redirects
    response = await self._send_single_request(request)
               ^^^^^^^^^^^^^^^^^^^^^^^^^^^^^^^^^^^^^^^^
  File "C:\Users\Barto\AppData\Local\Programs\Python\Python312\Lib\site-packages\httpx\_client.py", line 1730, in _send_single_request
    response = await transport.handle_async_request(request)
               ^^^^^^^^^^^^^^^^^^^^^^^^^^^^^^^^^^^^^^^^^^^^^
  File "C:\Users\Barto\AppData\Local\Programs\Python\Python312\Lib\site-packages\httpx\_transports\default.py", line 393, in handle_async_request
    with map_httpcore_exceptions():
  File "C:\Users\Barto\AppData\Local\Programs\Python\Python312\Lib\contextlib.py", line 158, in __exit__
    self.gen.throw(value)
  File "C:\Users\Barto\AppData\Local\Programs\Python\Python312\Lib\site-packages\httpx\_transports\default.py", line 118, in map_httpcore_exceptions
    raise mapped_exc(message) from exc
httpx.ReadTimeout

The above exception was the direct cause of the following exception:

Traceback (most recent call last):
  File "C:\Users\Barto\AppData\Local\Programs\Python\Python312\Lib\site-packages\telegram\ext\_application.py", line 1264, in process_update
    await coroutine
  File "C:\Users\Barto\AppData\Local\Programs\Python\Python312\Lib\site-packages\telegram\ext\_handlers\basehandler.py", line 157, in handle_update
    return await self.callback(update, context)
           ^^^^^^^^^^^^^^^^^^^^^^^^^^^^^^^^^^^^
  File "C:\Users\Barto\Desktop\bundletrack\bot\handlers.py", line 52, in handle_address
    sent_message = await update.message.reply_text("Generating summary...")
                   ^^^^^^^^^^^^^^^^^^^^^^^^^^^^^^^^^^^^^^^^^^^^^^^^^^^^^^^^
  File "C:\Users\Barto\AppData\Local\Programs\Python\Python312\Lib\site-packages\telegram\_message.py", line 1584, in reply_text
    return await self.get_bot().send_message(
           ^^^^^^^^^^^^^^^^^^^^^^^^^^^^^^^^^^
  File "C:\Users\Barto\AppData\Local\Programs\Python\Python312\Lib\site-packages\telegram\ext\_extbot.py", line 2820, in send_message
    return await super().send_message(
           ^^^^^^^^^^^^^^^^^^^^^^^^^^^
  File "C:\Users\Barto\AppData\Local\Programs\Python\Python312\Lib\site-packages\telegram\_bot.py", line 541, in decorator
    result = await func(self, *args, **kwargs)
             ^^^^^^^^^^^^^^^^^^^^^^^^^^^^^^^^^
  File "C:\Users\Barto\AppData\Local\Programs\Python\Python312\Lib\site-packages\telegram\_bot.py", line 1015, in send_message
    return await self._send_message(
           ^^^^^^^^^^^^^^^^^^^^^^^^^
  File "C:\Users\Barto\AppData\Local\Programs\Python\Python312\Lib\site-packages\telegram\ext\_extbot.py", line 581, in _send_message
    result = await super()._send_message(
             ^^^^^^^^^^^^^^^^^^^^^^^^^^^^
  File "C:\Users\Barto\AppData\Local\Programs\Python\Python312\Lib\site-packages\telegram\_bot.py", line 735, in _send_message
    result = await self._post(
             ^^^^^^^^^^^^^^^^^
  File "C:\Users\Barto\AppData\Local\Programs\Python\Python312\Lib\site-packages\telegram\_bot.py", line 629, in _post
    return await self._do_post(
           ^^^^^^^^^^^^^^^^^^^^
  File "C:\Users\Barto\AppData\Local\Programs\Python\Python312\Lib\site-packages\telegram\ext\_extbot.py", line 347, in _do_post
    return await super()._do_post(
           ^^^^^^^^^^^^^^^^^^^^^^^
  File "C:\Users\Barto\AppData\Local\Programs\Python\Python312\Lib\site-packages\telegram\_bot.py", line 657, in _do_post
    return await request.post(
           ^^^^^^^^^^^^^^^^^^^
  File "C:\Users\Barto\AppData\Local\Programs\Python\Python312\Lib\site-packages\telegram\request\_baserequest.py", line 200, in post
    result = await self._request_wrapper(
             ^^^^^^^^^^^^^^^^^^^^^^^^^^^^
  File "C:\Users\Barto\AppData\Local\Programs\Python\Python312\Lib\site-packages\telegram\request\_baserequest.py", line 340, in _request_wrapper
    raise exc
  File "C:\Users\Barto\AppData\Local\Programs\Python\Python312\Lib\site-packages\telegram\request\_baserequest.py", line 330, in _request_wrapper
    code, payload = await self.do_request(
                    ^^^^^^^^^^^^^^^^^^^^^^
  File "C:\Users\Barto\AppData\Local\Programs\Python\Python312\Lib\site-packages\telegram\request\_httpxrequest.py", line 293, in do_request
    raise TimedOut from err
telegram.error.TimedOut: Timed out
2025-03-16 18:16:38,373 - INFO - HTTP Request: POST https://api.telegram.org/bot8180189573:AAEbm_uw-QrjLEB-N2tbBYABDaYgEOArHLc/getUpdates "HTTP/1.1 200 OK"
2025-03-16 18:16:49,730 - INFO - HTTP Request: POST https://api.telegram.org/bot8180189573:AAEbm_uw-QrjLEB-N2tbBYABDaYgEOArHLc/getUpdates "HTTP/1.1 200 OK"
2025-03-16 18:17:00,032 - INFO - HTTP Request: POST https://api.telegram.org/bot8180189573:AAEbm_uw-QrjLEB-N2tbBYABDaYgEOArHLc/getUpdates "HTTP/1.1 200 OK"
2025-03-16 18:17:11,257 - INFO - HTTP Request: POST https://api.telegram.org/bot8180189573:AAEbm_uw-QrjLEB-N2tbBYABDaYgEOArHLc/getUpdates "HTTP/1.1 200 OK"
2025-03-16 18:17:22,208 - INFO - HTTP Request: POST https://api.telegram.org/bot8180189573:AAEbm_uw-QrjLEB-N2tbBYABDaYgEOArHLc/getUpdates "HTTP/1.1 200 OK"
2025-03-16 18:17:32,464 - INFO - HTTP Request: POST https://api.telegram.org/bot8180189573:AAEbm_uw-QrjLEB-N2tbBYABDaYgEOArHLc/getUpdates "HTTP/1.1 200 OK"
2025-03-16 18:17:43,107 - INFO - HTTP Request: POST https://api.telegram.org/bot8180189573:AAEbm_uw-QrjLEB-N2tbBYABDaYgEOArHLc/getUpdates "HTTP/1.1 200 OK"
2025-03-16 18:17:43,107 - INFO - User Baxiks (ID 1216596184) requested token 0xb90dc272efb78740d9ab15653fadccf061e2079c at 2025-03-16 18:17:43
2025-03-16 18:18:04,751 - INFO - Token Symbol: OCU, Token Name: Oculus AI, Token Decimals: 8
2025-03-16 18:18:09,075 - INFO - Total Supply 10000000, Clog: 9066.5|0%
2025-03-16 18:18:09,076 - INFO - MARKET CAP (OCU) : $32018.24
2025-03-16 18:18:12,761 - INFO - Liquidity: $17661.90 | Transactions: 2509 | Total Volume: $6174.00
2025-03-16 18:18:12,762 - INFO - HTTP Request: POST https://api.telegram.org/bot8180189573:AAEbm_uw-QrjLEB-N2tbBYABDaYgEOArHLc/getUpdates "HTTP/1.1 200 OK"
2025-03-16 18:18:23,223 - INFO - HTTP Request: POST https://api.telegram.org/bot8180189573:AAEbm_uw-QrjLEB-N2tbBYABDaYgEOArHLc/getUpdates "HTTP/1.1 200 OK"
2025-03-16 18:18:26,817 - INFO - Total \U0001f4daBundles Recivied 3150000.00| 31.50%| Total \U0001f916Sniper Recivied: 0.00| 0.00%
2025-03-16 18:18:26,817 - INFO - Total \U0001f4daBundles Holding: 0.0|0.0% |Worth:0.00 ETH| Total \U0001f916Snipers Holding: 0.0|0.0% |Worth: 0.00 ETH
2025-03-16 18:18:29,706 - INFO - HTTP Request: POST https://api.telegram.org/bot8180189573:AAEbm_uw-QrjLEB-N2tbBYABDaYgEOArHLc/sendMessage "HTTP/1.1 200 OK"
2025-03-16 18:18:29,706 - INFO - User Show Summary Baxiks with ID 1216596184 at 2025-03-16 18:18:29
2025-03-16 18:18:30,715 - INFO - HTTP Request: POST https://api.telegram.org/bot8180189573:AAEbm_uw-QrjLEB-N2tbBYABDaYgEOArHLc/sendMessage "HTTP/1.1 200 OK"
2025-03-16 18:18:34,568 - INFO - HTTP Request: POST https://api.telegram.org/bot8180189573:AAEbm_uw-QrjLEB-N2tbBYABDaYgEOArHLc/getUpdates "HTTP/1.1 200 OK"
2025-03-16 18:18:45,594 - INFO - HTTP Request: POST https://api.telegram.org/bot8180189573:AAEbm_uw-QrjLEB-N2tbBYABDaYgEOArHLc/getUpdates "HTTP/1.1 200 OK"
2025-03-16 18:18:46,010 - INFO - HTTP Request: POST https://api.telegram.org/bot8180189573:AAEbm_uw-QrjLEB-N2tbBYABDaYgEOArHLc/getUpdates "HTTP/1.1 200 OK"
2025-03-16 18:18:46,010 - INFO - User Baxiks (ID 1216596184) requested token 0x90012b9487ee94566cb7727bfa5473fbd86f4516 at 2025-03-16 18:18:46
2025-03-16 18:19:00,379 - INFO - Token Symbol: DOPE, Token Name: Department of Propaganda Everywhere, Token Decimals: 9
2025-03-16 18:19:06,515 - INFO - Total Supply 1000000000, Clog: 5479625.0|1%
2025-03-16 18:19:06,515 - INFO - MARKET CAP (DOPE) : $10460095.01
2025-03-16 18:19:09,884 - INFO - Liquidity: $285023.86 | Transactions: 522 | Total Volume: $554.00
2025-03-16 18:19:09,885 - INFO - HTTP Request: POST https://api.telegram.org/bot8180189573:AAEbm_uw-QrjLEB-N2tbBYABDaYgEOArHLc/getUpdates "HTTP/1.1 200 OK"
2025-03-16 18:19:20,487 - INFO - Total \U0001f4daBundles Recivied 642871290.98| 64.29%| Total \U0001f916Sniper Recivied: 194674949.94| 19.47%
2025-03-16 18:19:20,487 - INFO - Total \U0001f4daBundles Holding: 0.0|0.0% |Worth:0.00 ETH| Total \U0001f916Snipers Holding: 0.0|0.0% |Worth: 0.00 ETH
2025-03-16 18:19:23,074 - INFO - HTTP Request: POST https://api.telegram.org/bot8180189573:AAEbm_uw-QrjLEB-N2tbBYABDaYgEOArHLc/getUpdates "HTTP/1.1 200 OK"
2025-03-16 18:19:24,706 - INFO - HTTP Request: POST https://api.telegram.org/bot8180189573:AAEbm_uw-QrjLEB-N2tbBYABDaYgEOArHLc/sendMessage "HTTP/1.1 200 OK"
2025-03-16 18:19:24,707 - INFO - User Show Summary Baxiks with ID 1216596184 at 2025-03-16 18:19:24
2025-03-16 18:19:25,033 - INFO - HTTP Request: POST https://api.telegram.org/bot8180189573:AAEbm_uw-QrjLEB-N2tbBYABDaYgEOArHLc/sendMessage "HTTP/1.1 200 OK"
2025-03-16 18:19:34,157 - INFO - HTTP Request: POST https://api.telegram.org/bot8180189573:AAEbm_uw-QrjLEB-N2tbBYABDaYgEOArHLc/getUpdates "HTTP/1.1 200 OK"
2025-03-16 18:19:45,160 - INFO - HTTP Request: POST https://api.telegram.org/bot8180189573:AAEbm_uw-QrjLEB-N2tbBYABDaYgEOArHLc/getUpdates "HTTP/1.1 200 OK"
2025-03-16 18:19:55,577 - INFO - HTTP Request: POST https://api.telegram.org/bot8180189573:AAEbm_uw-QrjLEB-N2tbBYABDaYgEOArHLc/getUpdates "HTTP/1.1 200 OK"
2025-03-16 18:20:05,887 - INFO - HTTP Request: POST https://api.telegram.org/bot8180189573:AAEbm_uw-QrjLEB-N2tbBYABDaYgEOArHLc/getUpdates "HTTP/1.1 200 OK"
2025-03-16 18:20:16,457 - INFO - HTTP Request: POST https://api.telegram.org/bot8180189573:AAEbm_uw-QrjLEB-N2tbBYABDaYgEOArHLc/getUpdates "HTTP/1.1 200 OK"
2025-03-16 18:20:27,650 - INFO - HTTP Request: POST https://api.telegram.org/bot8180189573:AAEbm_uw-QrjLEB-N2tbBYABDaYgEOArHLc/getUpdates "HTTP/1.1 200 OK"
2025-03-16 18:20:37,882 - INFO - HTTP Request: POST https://api.telegram.org/bot8180189573:AAEbm_uw-QrjLEB-N2tbBYABDaYgEOArHLc/getUpdates "HTTP/1.1 200 OK"
2025-03-16 18:20:48,564 - INFO - HTTP Request: POST https://api.telegram.org/bot8180189573:AAEbm_uw-QrjLEB-N2tbBYABDaYgEOArHLc/getUpdates "HTTP/1.1 200 OK"
2025-03-16 18:20:59,368 - INFO - HTTP Request: POST https://api.telegram.org/bot8180189573:AAEbm_uw-QrjLEB-N2tbBYABDaYgEOArHLc/getUpdates "HTTP/1.1 200 OK"
2025-03-16 18:21:10,405 - INFO - HTTP Request: POST https://api.telegram.org/bot8180189573:AAEbm_uw-QrjLEB-N2tbBYABDaYgEOArHLc/getUpdates "HTTP/1.1 200 OK"
2025-03-16 18:21:21,162 - INFO - HTTP Request: POST https://api.telegram.org/bot8180189573:AAEbm_uw-QrjLEB-N2tbBYABDaYgEOArHLc/getUpdates "HTTP/1.1 200 OK"
2025-03-16 18:21:31,676 - INFO - HTTP Request: POST https://api.telegram.org/bot8180189573:AAEbm_uw-QrjLEB-N2tbBYABDaYgEOArHLc/getUpdates "HTTP/1.1 200 OK"
2025-03-16 18:21:41,824 - INFO - HTTP Request: POST https://api.telegram.org/bot8180189573:AAEbm_uw-QrjLEB-N2tbBYABDaYgEOArHLc/getUpdates "HTTP/1.1 200 OK"
2025-03-16 18:21:52,093 - INFO - HTTP Request: POST https://api.telegram.org/bot8180189573:AAEbm_uw-QrjLEB-N2tbBYABDaYgEOArHLc/getUpdates "HTTP/1.1 200 OK"
2025-03-16 18:22:02,554 - INFO - HTTP Request: POST https://api.telegram.org/bot8180189573:AAEbm_uw-QrjLEB-N2tbBYABDaYgEOArHLc/getUpdates "HTTP/1.1 200 OK"
2025-03-16 18:22:12,958 - INFO - HTTP Request: POST https://api.telegram.org/bot8180189573:AAEbm_uw-QrjLEB-N2tbBYABDaYgEOArHLc/getUpdates "HTTP/1.1 200 OK"
2025-03-16 18:22:23,762 - INFO - HTTP Request: POST https://api.telegram.org/bot8180189573:AAEbm_uw-QrjLEB-N2tbBYABDaYgEOArHLc/getUpdates "HTTP/1.1 200 OK"
2025-03-16 18:22:34,107 - INFO - HTTP Request: POST https://api.telegram.org/bot8180189573:AAEbm_uw-QrjLEB-N2tbBYABDaYgEOArHLc/getUpdates "HTTP/1.1 200 OK"
2025-03-16 18:22:45,223 - INFO - HTTP Request: POST https://api.telegram.org/bot8180189573:AAEbm_uw-QrjLEB-N2tbBYABDaYgEOArHLc/getUpdates "HTTP/1.1 200 OK"
2025-03-16 18:22:55,776 - INFO - HTTP Request: POST https://api.telegram.org/bot8180189573:AAEbm_uw-QrjLEB-N2tbBYABDaYgEOArHLc/getUpdates "HTTP/1.1 200 OK"
2025-03-16 18:23:06,143 - INFO - HTTP Request: POST https://api.telegram.org/bot8180189573:AAEbm_uw-QrjLEB-N2tbBYABDaYgEOArHLc/getUpdates "HTTP/1.1 200 OK"
2025-03-16 18:23:17,102 - INFO - HTTP Request: POST https://api.telegram.org/bot8180189573:AAEbm_uw-QrjLEB-N2tbBYABDaYgEOArHLc/getUpdates "HTTP/1.1 200 OK"
2025-03-16 18:23:28,317 - INFO - HTTP Request: POST https://api.telegram.org/bot8180189573:AAEbm_uw-QrjLEB-N2tbBYABDaYgEOArHLc/getUpdates "HTTP/1.1 200 OK"
2025-03-16 18:23:39,550 - INFO - HTTP Request: POST https://api.telegram.org/bot8180189573:AAEbm_uw-QrjLEB-N2tbBYABDaYgEOArHLc/getUpdates "HTTP/1.1 200 OK"
2025-03-16 18:23:50,403 - INFO - HTTP Request: POST https://api.telegram.org/bot8180189573:AAEbm_uw-QrjLEB-N2tbBYABDaYgEOArHLc/getUpdates "HTTP/1.1 200 OK"
2025-03-16 18:24:00,996 - INFO - HTTP Request: POST https://api.telegram.org/bot8180189573:AAEbm_uw-QrjLEB-N2tbBYABDaYgEOArHLc/getUpdates "HTTP/1.1 200 OK"
2025-03-16 18:24:12,037 - INFO - HTTP Request: POST https://api.telegram.org/bot8180189573:AAEbm_uw-QrjLEB-N2tbBYABDaYgEOArHLc/getUpdates "HTTP/1.1 200 OK"
2025-03-16 18:24:22,473 - INFO - HTTP Request: POST https://api.telegram.org/bot8180189573:AAEbm_uw-QrjLEB-N2tbBYABDaYgEOArHLc/getUpdates "HTTP/1.1 200 OK"
2025-03-16 18:24:33,322 - INFO - HTTP Request: POST https://api.telegram.org/bot8180189573:AAEbm_uw-QrjLEB-N2tbBYABDaYgEOArHLc/getUpdates "HTTP/1.1 200 OK"
2025-03-16 18:24:43,740 - INFO - HTTP Request: POST https://api.telegram.org/bot8180189573:AAEbm_uw-QrjLEB-N2tbBYABDaYgEOArHLc/getUpdates "HTTP/1.1 200 OK"
2025-03-16 18:24:54,431 - INFO - HTTP Request: POST https://api.telegram.org/bot8180189573:AAEbm_uw-QrjLEB-N2tbBYABDaYgEOArHLc/getUpdates "HTTP/1.1 200 OK"
2025-03-16 18:25:04,900 - INFO - HTTP Request: POST https://api.telegram.org/bot8180189573:AAEbm_uw-QrjLEB-N2tbBYABDaYgEOArHLc/getUpdates "HTTP/1.1 200 OK"
2025-03-16 18:25:15,174 - INFO - HTTP Request: POST https://api.telegram.org/bot8180189573:AAEbm_uw-QrjLEB-N2tbBYABDaYgEOArHLc/getUpdates "HTTP/1.1 200 OK"
2025-03-16 18:25:25,782 - INFO - HTTP Request: POST https://api.telegram.org/bot8180189573:AAEbm_uw-QrjLEB-N2tbBYABDaYgEOArHLc/getUpdates "HTTP/1.1 200 OK"
2025-03-16 18:25:37,519 - INFO - HTTP Request: POST https://api.telegram.org/bot8180189573:AAEbm_uw-QrjLEB-N2tbBYABDaYgEOArHLc/getUpdates "HTTP/1.1 200 OK"
2025-03-16 18:25:47,859 - INFO - HTTP Request: POST https://api.telegram.org/bot8180189573:AAEbm_uw-QrjLEB-N2tbBYABDaYgEOArHLc/getUpdates "HTTP/1.1 200 OK"
2025-03-16 18:25:58,078 - INFO - HTTP Request: POST https://api.telegram.org/bot8180189573:AAEbm_uw-QrjLEB-N2tbBYABDaYgEOArHLc/getUpdates "HTTP/1.1 200 OK"
2025-03-16 18:26:08,767 - INFO - HTTP Request: POST https://api.telegram.org/bot8180189573:AAEbm_uw-QrjLEB-N2tbBYABDaYgEOArHLc/getUpdates "HTTP/1.1 200 OK"
2025-03-16 18:26:19,074 - INFO - HTTP Request: POST https://api.telegram.org/bot8180189573:AAEbm_uw-QrjLEB-N2tbBYABDaYgEOArHLc/getUpdates "HTTP/1.1 200 OK"
2025-03-16 18:26:29,285 - INFO - HTTP Request: POST https://api.telegram.org/bot8180189573:AAEbm_uw-QrjLEB-N2tbBYABDaYgEOArHLc/getUpdates "HTTP/1.1 200 OK"
2025-03-16 18:26:39,974 - INFO - HTTP Request: POST https://api.telegram.org/bot8180189573:AAEbm_uw-QrjLEB-N2tbBYABDaYgEOArHLc/getUpdates "HTTP/1.1 200 OK"
2025-03-16 18:26:50,346 - INFO - HTTP Request: POST https://api.telegram.org/bot8180189573:AAEbm_uw-QrjLEB-N2tbBYABDaYgEOArHLc/getUpdates "HTTP/1.1 200 OK"
2025-03-16 18:27:00,886 - INFO - HTTP Request: POST https://api.telegram.org/bot8180189573:AAEbm_uw-QrjLEB-N2tbBYABDaYgEOArHLc/getUpdates "HTTP/1.1 200 OK"
2025-03-16 18:27:11,233 - INFO - HTTP Request: POST https://api.telegram.org/bot8180189573:AAEbm_uw-QrjLEB-N2tbBYABDaYgEOArHLc/getUpdates "HTTP/1.1 200 OK"
2025-03-16 18:27:22,125 - INFO - HTTP Request: POST https://api.telegram.org/bot8180189573:AAEbm_uw-QrjLEB-N2tbBYABDaYgEOArHLc/getUpdates "HTTP/1.1 200 OK"
2025-03-16 18:27:32,665 - INFO - HTTP Request: POST https://api.telegram.org/bot8180189573:AAEbm_uw-QrjLEB-N2tbBYABDaYgEOArHLc/getUpdates "HTTP/1.1 200 OK"
2025-03-16 18:27:43,243 - INFO - HTTP Request: POST https://api.telegram.org/bot8180189573:AAEbm_uw-QrjLEB-N2tbBYABDaYgEOArHLc/getUpdates "HTTP/1.1 200 OK"
2025-03-16 18:27:53,841 - INFO - HTTP Request: POST https://api.telegram.org/bot8180189573:AAEbm_uw-QrjLEB-N2tbBYABDaYgEOArHLc/getUpdates "HTTP/1.1 200 OK"
2025-03-16 18:28:05,459 - INFO - HTTP Request: POST https://api.telegram.org/bot8180189573:AAEbm_uw-QrjLEB-N2tbBYABDaYgEOArHLc/getUpdates "HTTP/1.1 200 OK"
2025-03-16 18:28:16,339 - INFO - HTTP Request: POST https://api.telegram.org/bot8180189573:AAEbm_uw-QrjLEB-N2tbBYABDaYgEOArHLc/getUpdates "HTTP/1.1 200 OK"
2025-03-16 18:28:26,689 - INFO - HTTP Request: POST https://api.telegram.org/bot8180189573:AAEbm_uw-QrjLEB-N2tbBYABDaYgEOArHLc/getUpdates "HTTP/1.1 200 OK"
2025-03-16 18:28:37,384 - INFO - HTTP Request: POST https://api.telegram.org/bot8180189573:AAEbm_uw-QrjLEB-N2tbBYABDaYgEOArHLc/getUpdates "HTTP/1.1 200 OK"
2025-03-16 18:28:48,007 - INFO - HTTP Request: POST https://api.telegram.org/bot8180189573:AAEbm_uw-QrjLEB-N2tbBYABDaYgEOArHLc/getUpdates "HTTP/1.1 200 OK"
2025-03-16 18:28:59,613 - INFO - HTTP Request: POST https://api.telegram.org/bot8180189573:AAEbm_uw-QrjLEB-N2tbBYABDaYgEOArHLc/getUpdates "HTTP/1.1 200 OK"
2025-03-16 18:29:09,925 - INFO - HTTP Request: POST https://api.telegram.org/bot8180189573:AAEbm_uw-QrjLEB-N2tbBYABDaYgEOArHLc/getUpdates "HTTP/1.1 200 OK"
2025-03-16 18:29:20,265 - INFO - HTTP Request: POST https://api.telegram.org/bot8180189573:AAEbm_uw-QrjLEB-N2tbBYABDaYgEOArHLc/getUpdates "HTTP/1.1 200 OK"
2025-03-16 18:29:31,296 - INFO - HTTP Request: POST https://api.telegram.org/bot8180189573:AAEbm_uw-QrjLEB-N2tbBYABDaYgEOArHLc/getUpdates "HTTP/1.1 200 OK"
2025-03-16 18:29:42,260 - INFO - HTTP Request: POST https://api.telegram.org/bot8180189573:AAEbm_uw-QrjLEB-N2tbBYABDaYgEOArHLc/getUpdates "HTTP/1.1 200 OK"
2025-03-16 18:29:53,101 - INFO - HTTP Request: POST https://api.telegram.org/bot8180189573:AAEbm_uw-QrjLEB-N2tbBYABDaYgEOArHLc/getUpdates "HTTP/1.1 200 OK"
2025-03-16 18:30:03,836 - INFO - HTTP Request: POST https://api.telegram.org/bot8180189573:AAEbm_uw-QrjLEB-N2tbBYABDaYgEOArHLc/getUpdates "HTTP/1.1 200 OK"
2025-03-16 18:30:14,740 - INFO - HTTP Request: POST https://api.telegram.org/bot8180189573:AAEbm_uw-QrjLEB-N2tbBYABDaYgEOArHLc/getUpdates "HTTP/1.1 200 OK"
2025-03-16 18:30:24,908 - INFO - HTTP Request: POST https://api.telegram.org/bot8180189573:AAEbm_uw-QrjLEB-N2tbBYABDaYgEOArHLc/getUpdates "HTTP/1.1 200 OK"
2025-03-16 18:30:36,158 - INFO - HTTP Request: POST https://api.telegram.org/bot8180189573:AAEbm_uw-QrjLEB-N2tbBYABDaYgEOArHLc/getUpdates "HTTP/1.1 200 OK"
2025-03-16 18:30:47,113 - INFO - HTTP Request: POST https://api.telegram.org/bot8180189573:AAEbm_uw-QrjLEB-N2tbBYABDaYgEOArHLc/getUpdates "HTTP/1.1 200 OK"
2025-03-16 18:30:57,238 - INFO - HTTP Request: POST https://api.telegram.org/bot8180189573:AAEbm_uw-QrjLEB-N2tbBYABDaYgEOArHLc/getUpdates "HTTP/1.1 200 OK"
2025-03-16 18:31:07,753 - INFO - HTTP Request: POST https://api.telegram.org/bot8180189573:AAEbm_uw-QrjLEB-N2tbBYABDaYgEOArHLc/getUpdates "HTTP/1.1 200 OK"
2025-03-16 18:31:18,203 - INFO - HTTP Request: POST https://api.telegram.org/bot8180189573:AAEbm_uw-QrjLEB-N2tbBYABDaYgEOArHLc/getUpdates "HTTP/1.1 200 OK"
2025-03-16 18:31:28,798 - INFO - HTTP Request: POST https://api.telegram.org/bot8180189573:AAEbm_uw-QrjLEB-N2tbBYABDaYgEOArHLc/getUpdates "HTTP/1.1 200 OK"
2025-03-16 18:31:39,678 - INFO - HTTP Request: POST https://api.telegram.org/bot8180189573:AAEbm_uw-QrjLEB-N2tbBYABDaYgEOArHLc/getUpdates "HTTP/1.1 200 OK"
2025-03-16 18:31:50,823 - INFO - HTTP Request: POST https://api.telegram.org/bot8180189573:AAEbm_uw-QrjLEB-N2tbBYABDaYgEOArHLc/getUpdates "HTTP/1.1 200 OK"
2025-03-16 18:32:01,536 - INFO - HTTP Request: POST https://api.telegram.org/bot8180189573:AAEbm_uw-QrjLEB-N2tbBYABDaYgEOArHLc/getUpdates "HTTP/1.1 200 OK"
2025-03-16 18:32:12,280 - INFO - HTTP Request: POST https://api.telegram.org/bot8180189573:AAEbm_uw-QrjLEB-N2tbBYABDaYgEOArHLc/getUpdates "HTTP/1.1 200 OK"
2025-03-16 18:32:23,310 - INFO - HTTP Request: POST https://api.telegram.org/bot8180189573:AAEbm_uw-QrjLEB-N2tbBYABDaYgEOArHLc/getUpdates "HTTP/1.1 200 OK"
2025-03-16 18:32:36,281 - INFO - HTTP Request: POST https://api.telegram.org/bot8180189573:AAEbm_uw-QrjLEB-N2tbBYABDaYgEOArHLc/getUpdates "HTTP/1.1 200 OK"
2025-03-16 18:32:46,629 - INFO - HTTP Request: POST https://api.telegram.org/bot8180189573:AAEbm_uw-QrjLEB-N2tbBYABDaYgEOArHLc/getUpdates "HTTP/1.1 200 OK"
2025-03-16 18:32:56,992 - INFO - HTTP Request: POST https://api.telegram.org/bot8180189573:AAEbm_uw-QrjLEB-N2tbBYABDaYgEOArHLc/getUpdates "HTTP/1.1 200 OK"
2025-03-16 18:33:08,270 - INFO - HTTP Request: POST https://api.telegram.org/bot8180189573:AAEbm_uw-QrjLEB-N2tbBYABDaYgEOArHLc/getUpdates "HTTP/1.1 200 OK"
2025-03-16 18:33:18,497 - INFO - HTTP Request: POST https://api.telegram.org/bot8180189573:AAEbm_uw-QrjLEB-N2tbBYABDaYgEOArHLc/getUpdates "HTTP/1.1 200 OK"
2025-03-16 18:33:33,248 - INFO - HTTP Request: POST https://api.telegram.org/bot8180189573:AAEbm_uw-QrjLEB-N2tbBYABDaYgEOArHLc/getUpdates "HTTP/1.1 200 OK"
2025-03-16 18:33:44,131 - INFO - HTTP Request: POST https://api.telegram.org/bot8180189573:AAEbm_uw-QrjLEB-N2tbBYABDaYgEOArHLc/getUpdates "HTTP/1.1 200 OK"
2025-03-16 18:33:55,330 - INFO - HTTP Request: POST https://api.telegram.org/bot8180189573:AAEbm_uw-QrjLEB-N2tbBYABDaYgEOArHLc/getUpdates "HTTP/1.1 200 OK"
2025-03-16 18:34:07,611 - INFO - HTTP Request: POST https://api.telegram.org/bot8180189573:AAEbm_uw-QrjLEB-N2tbBYABDaYgEOArHLc/getUpdates "HTTP/1.1 200 OK"
2025-03-16 18:34:17,726 - INFO - HTTP Request: POST https://api.telegram.org/bot8180189573:AAEbm_uw-QrjLEB-N2tbBYABDaYgEOArHLc/getUpdates "HTTP/1.1 200 OK"
2025-03-16 18:34:28,761 - INFO - HTTP Request: POST https://api.telegram.org/bot8180189573:AAEbm_uw-QrjLEB-N2tbBYABDaYgEOArHLc/getUpdates "HTTP/1.1 200 OK"
2025-03-16 18:34:39,943 - INFO - HTTP Request: POST https://api.telegram.org/bot8180189573:AAEbm_uw-QrjLEB-N2tbBYABDaYgEOArHLc/getUpdates "HTTP/1.1 200 OK"
2025-03-16 18:34:51,488 - INFO - HTTP Request: POST https://api.telegram.org/bot8180189573:AAEbm_uw-QrjLEB-N2tbBYABDaYgEOArHLc/getUpdates "HTTP/1.1 200 OK"
2025-03-16 18:35:02,674 - INFO - HTTP Request: POST https://api.telegram.org/bot8180189573:AAEbm_uw-QrjLEB-N2tbBYABDaYgEOArHLc/getUpdates "HTTP/1.1 200 OK"
2025-03-16 18:35:13,714 - INFO - HTTP Request: POST https://api.telegram.org/bot8180189573:AAEbm_uw-QrjLEB-N2tbBYABDaYgEOArHLc/getUpdates "HTTP/1.1 200 OK"
2025-03-16 18:35:24,190 - INFO - HTTP Request: POST https://api.telegram.org/bot8180189573:AAEbm_uw-QrjLEB-N2tbBYABDaYgEOArHLc/getUpdates "HTTP/1.1 200 OK"
